

Started GET "/" for 127.0.0.1 at 2014-09-18 12:39:06 +0100
Mysql2::Error: No database selected: SHOW TABLES LIKE 'schema_migrations'

ActiveRecord::StatementInvalid (Mysql2::Error: No database selected: SHOW TABLES LIKE 'schema_migrations'):
  activerecord (4.0.10) lib/active_record/connection_adapters/abstract_mysql_adapter.rb:287:in `query'
  activerecord (4.0.10) lib/active_record/connection_adapters/abstract_mysql_adapter.rb:287:in `block in execute'
  activerecord (4.0.10) lib/active_record/connection_adapters/abstract_adapter.rb:442:in `block in log'
  activesupport (4.0.10) lib/active_support/notifications/instrumenter.rb:20:in `instrument'
  activerecord (4.0.10) lib/active_record/connection_adapters/abstract_adapter.rb:437:in `log'
  activerecord (4.0.10) lib/active_record/connection_adapters/abstract_mysql_adapter.rb:287:in `execute'
  activerecord (4.0.10) lib/active_record/connection_adapters/mysql2_adapter.rb:222:in `execute'
  activerecord (4.0.10) lib/active_record/connection_adapters/abstract_mysql_adapter.rb:301:in `execute_and_free'
  activerecord (4.0.10) lib/active_record/connection_adapters/abstract_mysql_adapter.rb:415:in `tables'
  activerecord (4.0.10) lib/active_record/connection_adapters/abstract_mysql_adapter.rb:422:in `table_exists?'
  activerecord (4.0.10) lib/active_record/migration.rb:796:in `current_version'
  activerecord (4.0.10) lib/active_record/migration.rb:804:in `needs_migration?'
  activerecord (4.0.10) lib/active_record/migration.rb:383:in `check_pending!'
  activerecord (4.0.10) lib/active_record/migration.rb:370:in `call'
  actionpack (4.0.10) lib/action_dispatch/middleware/callbacks.rb:29:in `block in call'
  activesupport (4.0.10) lib/active_support/callbacks.rb:373:in `_run__1494808298509331896__call__callbacks'
  activesupport (4.0.10) lib/active_support/callbacks.rb:80:in `run_callbacks'
  actionpack (4.0.10) lib/action_dispatch/middleware/callbacks.rb:27:in `call'
  actionpack (4.0.10) lib/action_dispatch/middleware/reloader.rb:64:in `call'
  actionpack (4.0.10) lib/action_dispatch/middleware/remote_ip.rb:76:in `call'
  actionpack (4.0.10) lib/action_dispatch/middleware/debug_exceptions.rb:17:in `call'
  actionpack (4.0.10) lib/action_dispatch/middleware/show_exceptions.rb:30:in `call'
  railties (4.0.10) lib/rails/rack/logger.rb:38:in `call_app'
  railties (4.0.10) lib/rails/rack/logger.rb:20:in `block in call'
  activesupport (4.0.10) lib/active_support/tagged_logging.rb:68:in `block in tagged'
  activesupport (4.0.10) lib/active_support/tagged_logging.rb:26:in `tagged'
  activesupport (4.0.10) lib/active_support/tagged_logging.rb:68:in `tagged'
  railties (4.0.10) lib/rails/rack/logger.rb:20:in `call'
  actionpack (4.0.10) lib/action_dispatch/middleware/request_id.rb:21:in `call'
  rack (1.5.2) lib/rack/methodoverride.rb:21:in `call'
  rack (1.5.2) lib/rack/runtime.rb:17:in `call'
  activesupport (4.0.10) lib/active_support/cache/strategy/local_cache.rb:83:in `call'
  rack (1.5.2) lib/rack/lock.rb:17:in `call'
  actionpack (4.0.10) lib/action_dispatch/middleware/static.rb:64:in `call'
  rack (1.5.2) lib/rack/sendfile.rb:112:in `call'
  railties (4.0.10) lib/rails/engine.rb:511:in `call'
  railties (4.0.10) lib/rails/application.rb:97:in `call'
  railties (4.0.10) lib/rails/railtie/configurable.rb:30:in `method_missing'
  rack (1.5.2) lib/rack/lint.rb:49:in `_call'
  rack (1.5.2) lib/rack/lint.rb:37:in `call'
  rack (1.5.2) lib/rack/showexceptions.rb:24:in `call'
  rack (1.5.2) lib/rack/commonlogger.rb:33:in `call'
  rack (1.5.2) lib/rack/chunked.rb:43:in `call'
  rack (1.5.2) lib/rack/content_length.rb:14:in `call'
  rack (1.5.2) lib/rack/handler/webrick.rb:60:in `service'
  /Users/lvg/.rvm/rubies/ruby-2.1.2/lib/ruby/2.1.0/webrick/httpserver.rb:138:in `service'
  /Users/lvg/.rvm/rubies/ruby-2.1.2/lib/ruby/2.1.0/webrick/httpserver.rb:94:in `run'
  /Users/lvg/.rvm/rubies/ruby-2.1.2/lib/ruby/2.1.0/webrick/server.rb:295:in `block in start_thread'


  Rendered /Users/lvg/.rvm/gems/ruby-2.1.2@rails-mysql-vanilla/gems/actionpack-4.0.10/lib/action_dispatch/middleware/templates/rescues/_source.erb (0.5ms)
  Rendered /Users/lvg/.rvm/gems/ruby-2.1.2@rails-mysql-vanilla/gems/actionpack-4.0.10/lib/action_dispatch/middleware/templates/rescues/_trace.erb (0.9ms)
  Rendered /Users/lvg/.rvm/gems/ruby-2.1.2@rails-mysql-vanilla/gems/actionpack-4.0.10/lib/action_dispatch/middleware/templates/rescues/_request_and_response.erb (0.7ms)
  Rendered /Users/lvg/.rvm/gems/ruby-2.1.2@rails-mysql-vanilla/gems/actionpack-4.0.10/lib/action_dispatch/middleware/templates/rescues/diagnostics.erb within rescues/layout (16.1ms)


Started GET "/" for 127.0.0.1 at 2014-10-17 15:03:10 +0100
Mysql2::Error: No database selected: SHOW TABLES LIKE 'schema_migrations'

ActiveRecord::StatementInvalid (Mysql2::Error: No database selected: SHOW TABLES LIKE 'schema_migrations'):
  activerecord (4.1.6) lib/active_record/connection_adapters/abstract_mysql_adapter.rb:303:in `query'
  activerecord (4.1.6) lib/active_record/connection_adapters/abstract_mysql_adapter.rb:303:in `block in execute'
  activerecord (4.1.6) lib/active_record/connection_adapters/abstract_adapter.rb:373:in `block in log'
  activesupport (4.1.6) lib/active_support/notifications/instrumenter.rb:20:in `instrument'
  activerecord (4.1.6) lib/active_record/connection_adapters/abstract_adapter.rb:367:in `log'
  activerecord (4.1.6) lib/active_record/connection_adapters/abstract_mysql_adapter.rb:303:in `execute'
  activerecord (4.1.6) lib/active_record/connection_adapters/mysql2_adapter.rb:228:in `execute'
  activerecord (4.1.6) lib/active_record/connection_adapters/abstract_mysql_adapter.rb:310:in `execute_and_free'
  activerecord (4.1.6) lib/active_record/connection_adapters/abstract_mysql_adapter.rb:404:in `tables'
  activerecord (4.1.6) lib/active_record/connection_adapters/abstract_mysql_adapter.rb:411:in `table_exists?'
  activerecord (4.1.6) lib/active_record/migration.rb:830:in `get_all_versions'
  activerecord (4.1.6) lib/active_record/migration.rb:842:in `needs_migration?'
  activerecord (4.1.6) lib/active_record/migration.rb:389:in `check_pending!'
  activerecord (4.1.6) lib/active_record/migration.rb:377:in `call'
  actionpack (4.1.6) lib/action_dispatch/middleware/callbacks.rb:29:in `block in call'
  activesupport (4.1.6) lib/active_support/callbacks.rb:82:in `run_callbacks'
  actionpack (4.1.6) lib/action_dispatch/middleware/callbacks.rb:27:in `call'
  actionpack (4.1.6) lib/action_dispatch/middleware/reloader.rb:73:in `call'
  actionpack (4.1.6) lib/action_dispatch/middleware/remote_ip.rb:76:in `call'
  actionpack (4.1.6) lib/action_dispatch/middleware/debug_exceptions.rb:17:in `call'
  actionpack (4.1.6) lib/action_dispatch/middleware/show_exceptions.rb:30:in `call'
  railties (4.1.6) lib/rails/rack/logger.rb:38:in `call_app'
  railties (4.1.6) lib/rails/rack/logger.rb:20:in `block in call'
  activesupport (4.1.6) lib/active_support/tagged_logging.rb:68:in `block in tagged'
  activesupport (4.1.6) lib/active_support/tagged_logging.rb:26:in `tagged'
  activesupport (4.1.6) lib/active_support/tagged_logging.rb:68:in `tagged'
  railties (4.1.6) lib/rails/rack/logger.rb:20:in `call'
  actionpack (4.1.6) lib/action_dispatch/middleware/request_id.rb:21:in `call'
  rack (1.5.2) lib/rack/methodoverride.rb:21:in `call'
  rack (1.5.2) lib/rack/runtime.rb:17:in `call'
  activesupport (4.1.6) lib/active_support/cache/strategy/local_cache_middleware.rb:26:in `call'
  rack (1.5.2) lib/rack/lock.rb:17:in `call'
  actionpack (4.1.6) lib/action_dispatch/middleware/static.rb:64:in `call'
  rack (1.5.2) lib/rack/sendfile.rb:112:in `call'
  railties (4.1.6) lib/rails/engine.rb:514:in `call'
  railties (4.1.6) lib/rails/application.rb:144:in `call'
  rack (1.5.2) lib/rack/lock.rb:17:in `call'
  rack (1.5.2) lib/rack/content_length.rb:14:in `call'
  rack (1.5.2) lib/rack/handler/webrick.rb:60:in `service'
  /Users/lvg/.rvm/rubies/ruby-2.1.3/lib/ruby/2.1.0/webrick/httpserver.rb:138:in `service'
  /Users/lvg/.rvm/rubies/ruby-2.1.3/lib/ruby/2.1.0/webrick/httpserver.rb:94:in `run'
  /Users/lvg/.rvm/rubies/ruby-2.1.3/lib/ruby/2.1.0/webrick/server.rb:295:in `block in start_thread'


  Rendered /Users/lvg/.rvm/gems/ruby-2.1.3@rails-mysql-vanilla-41/gems/actionpack-4.1.6/lib/action_dispatch/middleware/templates/rescues/_source.erb (0.6ms)
  Rendered /Users/lvg/.rvm/gems/ruby-2.1.3@rails-mysql-vanilla-41/gems/actionpack-4.1.6/lib/action_dispatch/middleware/templates/rescues/_trace.html.erb (1.1ms)
  Rendered /Users/lvg/.rvm/gems/ruby-2.1.3@rails-mysql-vanilla-41/gems/actionpack-4.1.6/lib/action_dispatch/middleware/templates/rescues/_request_and_response.html.erb (0.9ms)
  Rendered /Users/lvg/.rvm/gems/ruby-2.1.3@rails-mysql-vanilla-41/gems/actionpack-4.1.6/lib/action_dispatch/middleware/templates/rescues/diagnostics.erb within rescues/layout (17.9ms)


Started GET "/" for 127.0.0.1 at 2014-10-17 15:03:11 +0100
Mysql2::Error: No database selected: SHOW TABLES LIKE 'schema_migrations'

ActiveRecord::StatementInvalid (Mysql2::Error: No database selected: SHOW TABLES LIKE 'schema_migrations'):
  activerecord (4.1.6) lib/active_record/connection_adapters/abstract_mysql_adapter.rb:303:in `query'
  activerecord (4.1.6) lib/active_record/connection_adapters/abstract_mysql_adapter.rb:303:in `block in execute'
  activerecord (4.1.6) lib/active_record/connection_adapters/abstract_adapter.rb:373:in `block in log'
  activesupport (4.1.6) lib/active_support/notifications/instrumenter.rb:20:in `instrument'
  activerecord (4.1.6) lib/active_record/connection_adapters/abstract_adapter.rb:367:in `log'
  activerecord (4.1.6) lib/active_record/connection_adapters/abstract_mysql_adapter.rb:303:in `execute'
  activerecord (4.1.6) lib/active_record/connection_adapters/mysql2_adapter.rb:228:in `execute'
  activerecord (4.1.6) lib/active_record/connection_adapters/abstract_mysql_adapter.rb:310:in `execute_and_free'
  activerecord (4.1.6) lib/active_record/connection_adapters/abstract_mysql_adapter.rb:404:in `tables'
  activerecord (4.1.6) lib/active_record/connection_adapters/abstract_mysql_adapter.rb:411:in `table_exists?'
  activerecord (4.1.6) lib/active_record/migration.rb:830:in `get_all_versions'
  activerecord (4.1.6) lib/active_record/migration.rb:842:in `needs_migration?'
  activerecord (4.1.6) lib/active_record/migration.rb:389:in `check_pending!'
  activerecord (4.1.6) lib/active_record/migration.rb:377:in `call'
  actionpack (4.1.6) lib/action_dispatch/middleware/callbacks.rb:29:in `block in call'
  activesupport (4.1.6) lib/active_support/callbacks.rb:82:in `run_callbacks'
  actionpack (4.1.6) lib/action_dispatch/middleware/callbacks.rb:27:in `call'
  actionpack (4.1.6) lib/action_dispatch/middleware/reloader.rb:73:in `call'
  actionpack (4.1.6) lib/action_dispatch/middleware/remote_ip.rb:76:in `call'
  actionpack (4.1.6) lib/action_dispatch/middleware/debug_exceptions.rb:17:in `call'
  actionpack (4.1.6) lib/action_dispatch/middleware/show_exceptions.rb:30:in `call'
  railties (4.1.6) lib/rails/rack/logger.rb:38:in `call_app'
  railties (4.1.6) lib/rails/rack/logger.rb:20:in `block in call'
  activesupport (4.1.6) lib/active_support/tagged_logging.rb:68:in `block in tagged'
  activesupport (4.1.6) lib/active_support/tagged_logging.rb:26:in `tagged'
  activesupport (4.1.6) lib/active_support/tagged_logging.rb:68:in `tagged'
  railties (4.1.6) lib/rails/rack/logger.rb:20:in `call'
  actionpack (4.1.6) lib/action_dispatch/middleware/request_id.rb:21:in `call'
  rack (1.5.2) lib/rack/methodoverride.rb:21:in `call'
  rack (1.5.2) lib/rack/runtime.rb:17:in `call'
  activesupport (4.1.6) lib/active_support/cache/strategy/local_cache_middleware.rb:26:in `call'
  rack (1.5.2) lib/rack/lock.rb:17:in `call'
  actionpack (4.1.6) lib/action_dispatch/middleware/static.rb:64:in `call'
  rack (1.5.2) lib/rack/sendfile.rb:112:in `call'
  railties (4.1.6) lib/rails/engine.rb:514:in `call'
  railties (4.1.6) lib/rails/application.rb:144:in `call'
  rack (1.5.2) lib/rack/lock.rb:17:in `call'
  rack (1.5.2) lib/rack/content_length.rb:14:in `call'
  rack (1.5.2) lib/rack/handler/webrick.rb:60:in `service'
  /Users/lvg/.rvm/rubies/ruby-2.1.3/lib/ruby/2.1.0/webrick/httpserver.rb:138:in `service'
  /Users/lvg/.rvm/rubies/ruby-2.1.3/lib/ruby/2.1.0/webrick/httpserver.rb:94:in `run'
  /Users/lvg/.rvm/rubies/ruby-2.1.3/lib/ruby/2.1.0/webrick/server.rb:295:in `block in start_thread'


  Rendered /Users/lvg/.rvm/gems/ruby-2.1.3@rails-mysql-vanilla-41/gems/actionpack-4.1.6/lib/action_dispatch/middleware/templates/rescues/_source.erb (0.4ms)
  Rendered /Users/lvg/.rvm/gems/ruby-2.1.3@rails-mysql-vanilla-41/gems/actionpack-4.1.6/lib/action_dispatch/middleware/templates/rescues/_trace.html.erb (0.8ms)
  Rendered /Users/lvg/.rvm/gems/ruby-2.1.3@rails-mysql-vanilla-41/gems/actionpack-4.1.6/lib/action_dispatch/middleware/templates/rescues/_request_and_response.html.erb (0.6ms)
  Rendered /Users/lvg/.rvm/gems/ruby-2.1.3@rails-mysql-vanilla-41/gems/actionpack-4.1.6/lib/action_dispatch/middleware/templates/rescues/diagnostics.erb within rescues/layout (12.0ms)
